<?xml version="1.0" encoding="UTF-8"?>
<robot generator="Robot 3.1.2 (Python 3.7.4 on win32)" generated="20190904 11:36:09.317" rpa="false">
<suite id="s1" name="InstallBase" source="C:\Users\chirras\PycharmProjects\OracleR12InstallBase\UnitTests\InstallBase.robot">
<test id="s1-t1" name="IB001">
<kw name="Oracle Login" library="Common" type="setup">
<arguments>
<arg>${USERNAME}</arg>
<arg>${PASSWORD}</arg>
</arguments>
<kw name="Open Firefox with URL" library="Common">
<kw name="Open Browser" library="SeleniumLibrary">
<doc>Opens a new browser instance to the given ``url``.</doc>
<arguments>
<arg>@{URL_AND_BROWSER}</arg>
</arguments>
<msg timestamp="20190904 11:36:11.041" level="INFO">Opening browser 'ff' to base url 'https://sit12.diebold.com/OA_HTML/AppsLogin'.</msg>
<status status="PASS" starttime="20190904 11:36:11.040" endtime="20190904 11:36:29.382"></status>
</kw>
<status status="PASS" starttime="20190904 11:36:11.040" endtime="20190904 11:36:29.383"></status>
</kw>
<kw name="Enter Credentials and Submit" library="Common">
<kw name="Wait Until Page Contains Element" library="SeleniumLibrary">
<doc>Waits until element ``locator`` appears on current page.</doc>
<arguments>
<arg>${userid}</arg>
<arg>30s</arg>
<arg>"FAILED: Unable to load Login page"</arg>
</arguments>
<status status="PASS" starttime="20190904 11:36:29.384" endtime="20190904 11:36:29.393"></status>
</kw>
<kw name="Maximize Browser Window" library="SeleniumLibrary">
<doc>Maximizes current browser window.</doc>
<status status="PASS" starttime="20190904 11:36:29.393" endtime="20190904 11:36:29.657"></status>
</kw>
<kw name="Input Text" library="SeleniumLibrary">
<doc>Types the given ``text`` into text field identified by ``locator``.</doc>
<arguments>
<arg>${userid}</arg>
<arg>${USERNAME}</arg>
</arguments>
<msg timestamp="20190904 11:36:29.657" level="INFO">Typing text 'ATCRMDNA' into text field 'id=userid'.</msg>
<status status="PASS" starttime="20190904 11:36:29.657" endtime="20190904 11:36:29.690"></status>
</kw>
<kw name="Input Password" library="SeleniumLibrary">
<doc>Types the given password into text field identified by ``locator``.</doc>
<arguments>
<arg>${passwordLocator}</arg>
<arg>${PASSWORD}</arg>
</arguments>
<msg timestamp="20190904 11:36:29.691" level="INFO">Typing password into text field 'name=password'.</msg>
<status status="PASS" starttime="20190904 11:36:29.691" endtime="20190904 11:36:29.717"></status>
</kw>
<kw name="Click Button" library="SeleniumLibrary">
<doc>Clicks button identified by ``locator``.</doc>
<arguments>
<arg>${submit}</arg>
</arguments>
<msg timestamp="20190904 11:36:29.718" level="INFO">Clicking button 'name=submit'.</msg>
<status status="PASS" starttime="20190904 11:36:29.717" endtime="20190904 11:36:36.018"></status>
</kw>
<status status="PASS" starttime="20190904 11:36:29.383" endtime="20190904 11:36:36.018"></status>
</kw>
<kw name="Oracle Navigate" library="Common">
<arguments>
<arg>${RESPONSIBILITY}</arg>
<arg>${NAVIGATION}</arg>
</arguments>
<kw name="Click Responsibility" library="Common">
<arguments>
<arg>${RESPONSIBILITY}</arg>
</arguments>
<kw name="wait for responsibility link" library="Common">
<kw name="Wait Until Page Contains Element" library="SeleniumLibrary">
<doc>Waits until element ``locator`` appears on current page.</doc>
<arguments>
<arg>xpath=//a[text()='${RESPONSIBILITY}']</arg>
<arg>20s</arg>
<arg>"FAILED: Responsibility NOT found"</arg>
</arguments>
<status status="PASS" starttime="20190904 11:36:36.020" endtime="20190904 11:36:36.029"></status>
</kw>
<status status="PASS" starttime="20190904 11:36:36.020" endtime="20190904 11:36:36.030"></status>
</kw>
<kw name="Click Link" library="SeleniumLibrary">
<doc>Clicks a link identified by ``locator``.</doc>
<arguments>
<arg>xpath=//a[text()='${RESPONSIBILITY}']</arg>
</arguments>
<msg timestamp="20190904 11:36:36.030" level="INFO">Clicking link 'xpath=//a[text()='Installed Base DMT User_DNA']'.</msg>
<status status="PASS" starttime="20190904 11:36:36.030" endtime="20190904 11:36:36.084"></status>
</kw>
<status status="PASS" starttime="20190904 11:36:36.019" endtime="20190904 11:36:36.085"></status>
</kw>
<kw name="Navigate To" library="Common">
<arguments>
<arg>${NAVIGATION}</arg>
</arguments>
<kw name="Split String" library="String">
<doc>Splits the ``string`` using ``separator`` as a delimiter string.</doc>
<arguments>
<arg>${NAVIGATION}</arg>
<arg>:</arg>
</arguments>
<assign>
<var>@{NavigationArray}</var>
</assign>
<msg timestamp="20190904 11:36:36.086" level="INFO">@{NavigationArray} = [ Item Instance | Item Instances ]</msg>
<status status="PASS" starttime="20190904 11:36:36.086" endtime="20190904 11:36:36.086"></status>
</kw>
<kw name="${NavigationLink} IN [ @{NavigationArray} ]" type="for">
<kw name="${NavigationLink} = Item Instance" type="foritem">
<kw name="Wait Until Element Is Visible" library="SeleniumLibrary">
<doc>Waits until element ``locator`` is visible.</doc>
<arguments>
<arg>xpath=//a[text()='${NavigationLink}']</arg>
<arg>20s</arg>
<arg>"FAILED: Navigation NOT found"</arg>
</arguments>
<status status="PASS" starttime="20190904 11:36:36.086" endtime="20190904 11:36:38.238"></status>
</kw>
<kw name="Log" library="BuiltIn">
<doc>Logs the given message with the given level.</doc>
<arguments>
<arg>Navigating to ${NavigationLink}</arg>
</arguments>
<msg timestamp="20190904 11:36:38.239" level="INFO">Navigating to Item Instance</msg>
<status status="PASS" starttime="20190904 11:36:38.238" endtime="20190904 11:36:38.239"></status>
</kw>
<kw name="Click Link" library="SeleniumLibrary">
<doc>Clicks a link identified by ``locator``.</doc>
<arguments>
<arg>xpath=//a[text()='${NavigationLink}']</arg>
</arguments>
<msg timestamp="20190904 11:36:38.239" level="INFO">Clicking link 'xpath=//a[text()='Item Instance']'.</msg>
<status status="PASS" starttime="20190904 11:36:38.239" endtime="20190904 11:36:38.461"></status>
</kw>
<status status="PASS" starttime="20190904 11:36:36.086" endtime="20190904 11:36:38.461"></status>
</kw>
<kw name="${NavigationLink} = Item Instances" type="foritem">
<kw name="Wait Until Element Is Visible" library="SeleniumLibrary">
<doc>Waits until element ``locator`` is visible.</doc>
<arguments>
<arg>xpath=//a[text()='${NavigationLink}']</arg>
<arg>20s</arg>
<arg>"FAILED: Navigation NOT found"</arg>
</arguments>
<status status="PASS" starttime="20190904 11:36:38.461" endtime="20190904 11:36:39.016"></status>
</kw>
<kw name="Log" library="BuiltIn">
<doc>Logs the given message with the given level.</doc>
<arguments>
<arg>Navigating to ${NavigationLink}</arg>
</arguments>
<msg timestamp="20190904 11:36:39.016" level="INFO">Navigating to Item Instances</msg>
<status status="PASS" starttime="20190904 11:36:39.016" endtime="20190904 11:36:39.016"></status>
</kw>
<kw name="Click Link" library="SeleniumLibrary">
<doc>Clicks a link identified by ``locator``.</doc>
<arguments>
<arg>xpath=//a[text()='${NavigationLink}']</arg>
</arguments>
<msg timestamp="20190904 11:36:39.016" level="INFO">Clicking link 'xpath=//a[text()='Item Instances']'.</msg>
<status status="PASS" starttime="20190904 11:36:39.016" endtime="20190904 11:36:44.240"></status>
</kw>
<status status="PASS" starttime="20190904 11:36:38.461" endtime="20190904 11:36:44.240"></status>
</kw>
<status status="PASS" starttime="20190904 11:36:36.086" endtime="20190904 11:36:44.240"></status>
</kw>
<kw name="Sleep" library="BuiltIn">
<doc>Pauses the test executed for the given time.</doc>
<arguments>
<arg>5s</arg>
</arguments>
<msg timestamp="20190904 11:36:49.241" level="INFO">Slept 5 seconds</msg>
<status status="PASS" starttime="20190904 11:36:44.240" endtime="20190904 11:36:49.242"></status>
</kw>
<kw name="Log" library="BuiltIn">
<doc>Logs the given message with the given level.</doc>
<arguments>
<arg>successfully navigated to ${NavigationArray}</arg>
</arguments>
<msg timestamp="20190904 11:36:49.244" level="INFO">successfully navigated to ['Item Instance', 'Item Instances']</msg>
<status status="PASS" starttime="20190904 11:36:49.242" endtime="20190904 11:36:49.244"></status>
</kw>
<status status="PASS" starttime="20190904 11:36:36.085" endtime="20190904 11:36:49.247"></status>
</kw>
<status status="PASS" starttime="20190904 11:36:36.018" endtime="20190904 11:36:49.247"></status>
</kw>
<status status="PASS" starttime="20190904 11:36:11.040" endtime="20190904 11:36:49.248"></status>
</kw>
<kw name="Log" library="BuiltIn">
<doc>Logs the given message with the given level.</doc>
<arguments>
<arg>Empty1</arg>
</arguments>
<msg timestamp="20190904 11:36:49.251" level="INFO">Empty1</msg>
<status status="PASS" starttime="20190904 11:36:49.250" endtime="20190904 11:36:49.252"></status>
</kw>
<kw name="Oracle Logout" library="Common" type="teardown">
<kw name="Click Logout Link" library="Common">
<kw name="Click Link" library="SeleniumLibrary">
<doc>Clicks a link identified by ``locator``.</doc>
<arguments>
<arg>${logout}</arg>
</arguments>
<msg timestamp="20190904 11:36:49.258" level="INFO">Clicking link 'xpath=//a[text()='Logout']'.</msg>
<status status="PASS" starttime="20190904 11:36:49.257" endtime="20190904 11:36:53.290"></status>
</kw>
<status status="PASS" starttime="20190904 11:36:49.256" endtime="20190904 11:36:53.290"></status>
</kw>
<kw name="Wait for successful logout message and close browser" library="Common">
<kw name="Wait Until Element Is Visible" library="SeleniumLibrary">
<doc>Waits until element ``locator`` is visible.</doc>
<arguments>
<arg>${logout_message}</arg>
<arg>10s</arg>
<arg>"FAILED: Unable to Logout"</arg>
</arguments>
<status status="PASS" starttime="20190904 11:36:53.291" endtime="20190904 11:36:54.805"></status>
</kw>
<kw name="Close Browser" library="SeleniumLibrary">
<doc>Closes the current browser.</doc>
<status status="PASS" starttime="20190904 11:36:54.806" endtime="20190904 11:36:56.699"></status>
</kw>
<status status="PASS" starttime="20190904 11:36:53.291" endtime="20190904 11:36:56.699"></status>
</kw>
<status status="PASS" starttime="20190904 11:36:49.254" endtime="20190904 11:36:56.699"></status>
</kw>
<doc>IB001 - DMT - Search Instance - Simple Search and Advanced Search</doc>
<tags>
<tag>IB</tag>
</tags>
<status status="PASS" starttime="20190904 11:36:11.039" endtime="20190904 11:36:56.700" critical="yes"></status>
</test>
<status status="PASS" starttime="20190904 11:36:09.324" endtime="20190904 11:36:56.701"></status>
</suite>
<statistics>
<total>
<stat pass="1" fail="0">Critical Tests</stat>
<stat pass="1" fail="0">All Tests</stat>
</total>
<tag>
<stat pass="1" fail="0">IB</stat>
</tag>
<suite>
<stat pass="1" fail="0" id="s1" name="InstallBase">InstallBase</stat>
</suite>
</statistics>
<errors>
</errors>
</robot>
