<?xml version="1.0" encoding="UTF-8"?>
<robot generator="Robot 3.1.2 (Python 3.7.4 on win32)" generated="20190829 17:37:37.040" rpa="false">
<suite id="s1" name="InstallBase" source="C:\Users\chirras\PycharmProjects\OracleR12InstallBase\UnitTests\InstallBase.robot">
<test id="s1-t1" name="IB001">
<kw name="Oracle Login" library="Common" type="setup">
<arguments>
<arg>${USERNAME}</arg>
<arg>${PASSWORD}</arg>
</arguments>
<kw name="Open Firefox with URL" library="Common">
<kw name="Open Browser" library="SeleniumLibrary">
<doc>Opens a new browser instance to the given ``url``.</doc>
<arguments>
<arg>@{URL_AND_BROWSER}</arg>
</arguments>
<msg timestamp="20190829 17:37:37.390" level="INFO">Opening browser 'ff' to base url 'https://sit12.diebold.com/OA_HTML/AppsLogin'.</msg>
<status status="PASS" starttime="20190829 17:37:37.389" endtime="20190829 17:37:49.619"></status>
</kw>
<status status="PASS" starttime="20190829 17:37:37.389" endtime="20190829 17:37:49.620"></status>
</kw>
<kw name="Enter Credentials and Submit" library="Common">
<kw name="Wait Until Page Contains Element" library="SeleniumLibrary">
<doc>Waits until element ``locator`` appears on current page.</doc>
<arguments>
<arg>${userid}</arg>
<arg>30s</arg>
<arg>"FAILED: Unable to load Login page"</arg>
</arguments>
<status status="PASS" starttime="20190829 17:37:49.622" endtime="20190829 17:37:49.639"></status>
</kw>
<kw name="Maximize Browser Window" library="SeleniumLibrary">
<doc>Maximizes current browser window.</doc>
<status status="PASS" starttime="20190829 17:37:49.640" endtime="20190829 17:37:49.910"></status>
</kw>
<kw name="Input Text" library="SeleniumLibrary">
<doc>Types the given ``text`` into text field identified by ``locator``.</doc>
<arguments>
<arg>${userid}</arg>
<arg>${USERNAME}</arg>
</arguments>
<msg timestamp="20190829 17:37:49.911" level="INFO">Typing text 'ATCRMDNA' into text field 'id=userid'.</msg>
<status status="PASS" starttime="20190829 17:37:49.910" endtime="20190829 17:37:49.937"></status>
</kw>
<kw name="Input Password" library="SeleniumLibrary">
<doc>Types the given password into text field identified by ``locator``.</doc>
<arguments>
<arg>${passwordLocator}</arg>
<arg>${PASSWORD}</arg>
</arguments>
<msg timestamp="20190829 17:37:49.938" level="INFO">Typing password into text field 'name=password'.</msg>
<status status="PASS" starttime="20190829 17:37:49.938" endtime="20190829 17:37:49.965"></status>
</kw>
<kw name="Click Button" library="SeleniumLibrary">
<doc>Clicks button identified by ``locator``.</doc>
<arguments>
<arg>${submit}</arg>
</arguments>
<msg timestamp="20190829 17:37:49.966" level="INFO">Clicking button 'name=submit'.</msg>
<status status="PASS" starttime="20190829 17:37:49.965" endtime="20190829 17:37:55.049"></status>
</kw>
<status status="PASS" starttime="20190829 17:37:49.621" endtime="20190829 17:37:55.049"></status>
</kw>
<status status="PASS" starttime="20190829 17:37:37.389" endtime="20190829 17:37:55.049"></status>
</kw>
<kw name="Oracle Navigate" library="Common">
<arguments>
<arg>${RESPONSIBILITY}</arg>
<arg>${NAVIGATION}</arg>
</arguments>
<kw name="Click Responsibility" library="Common">
<arguments>
<arg>${RESPONSIBILITY}</arg>
</arguments>
<kw name="wait for responsibility link" library="Common">
<kw name="Wait Until Page Contains Element" library="SeleniumLibrary">
<doc>Waits until element ``locator`` appears on current page.</doc>
<arguments>
<arg>xpath=//a[text()='${RESPONSIBILITY}']</arg>
<arg>20s</arg>
<arg>"FAILED: Responsibility NOT found"</arg>
</arguments>
<status status="PASS" starttime="20190829 17:37:55.051" endtime="20190829 17:37:55.057"></status>
</kw>
<status status="PASS" starttime="20190829 17:37:55.051" endtime="20190829 17:37:55.057"></status>
</kw>
<kw name="Click Link" library="SeleniumLibrary">
<doc>Clicks a link identified by ``locator``.</doc>
<arguments>
<arg>xpath=//a[text()='${RESPONSIBILITY}']</arg>
</arguments>
<msg timestamp="20190829 17:37:55.058" level="INFO">Clicking link 'xpath=//a[text()='Installed Base DMT User_DNA']'.</msg>
<status status="PASS" starttime="20190829 17:37:55.058" endtime="20190829 17:37:55.107"></status>
</kw>
<status status="PASS" starttime="20190829 17:37:55.051" endtime="20190829 17:37:55.107"></status>
</kw>
<kw name="Navigate To" library="Common">
<arguments>
<arg>${NAVIGATION}</arg>
</arguments>
<kw name="Split String" library="String">
<doc>Splits the ``string`` using ``separator`` as a delimiter string.</doc>
<arguments>
<arg>${NAVIGATION}</arg>
<arg>:</arg>
</arguments>
<assign>
<var>@{NavigationArray}</var>
</assign>
<msg timestamp="20190829 17:37:55.107" level="INFO">@{NavigationArray} = [ Item Instance | Item Instances ]</msg>
<status status="PASS" starttime="20190829 17:37:55.107" endtime="20190829 17:37:55.107"></status>
</kw>
<kw name="${NavigationLink} IN [ @{NavigationArray} ]" type="for">
<kw name="${NavigationLink} = Item Instance" type="foritem">
<kw name="Wait Until Element Is Visible" library="SeleniumLibrary">
<doc>Waits until element ``locator`` is visible.</doc>
<arguments>
<arg>xpath=//a[text()='${NavigationLink}']</arg>
<arg>20s</arg>
<arg>"FAILED: Navigation NOT found"</arg>
</arguments>
<status status="PASS" starttime="20190829 17:37:55.108" endtime="20190829 17:37:55.791"></status>
</kw>
<kw name="Log" library="BuiltIn">
<doc>Logs the given message with the given level.</doc>
<arguments>
<arg>Navigating to ${NavigationLink}</arg>
</arguments>
<msg timestamp="20190829 17:37:55.791" level="INFO">Navigating to Item Instance</msg>
<status status="PASS" starttime="20190829 17:37:55.791" endtime="20190829 17:37:55.791"></status>
</kw>
<kw name="Click Link" library="SeleniumLibrary">
<doc>Clicks a link identified by ``locator``.</doc>
<arguments>
<arg>xpath=//a[text()='${NavigationLink}']</arg>
</arguments>
<msg timestamp="20190829 17:37:55.792" level="INFO">Clicking link 'xpath=//a[text()='Item Instance']'.</msg>
<status status="PASS" starttime="20190829 17:37:55.792" endtime="20190829 17:37:56.017"></status>
</kw>
<status status="PASS" starttime="20190829 17:37:55.108" endtime="20190829 17:37:56.017"></status>
</kw>
<kw name="${NavigationLink} = Item Instances" type="foritem">
<kw name="Wait Until Element Is Visible" library="SeleniumLibrary">
<doc>Waits until element ``locator`` is visible.</doc>
<arguments>
<arg>xpath=//a[text()='${NavigationLink}']</arg>
<arg>20s</arg>
<arg>"FAILED: Navigation NOT found"</arg>
</arguments>
<status status="PASS" starttime="20190829 17:37:56.018" endtime="20190829 17:37:56.533"></status>
</kw>
<kw name="Log" library="BuiltIn">
<doc>Logs the given message with the given level.</doc>
<arguments>
<arg>Navigating to ${NavigationLink}</arg>
</arguments>
<msg timestamp="20190829 17:37:56.534" level="INFO">Navigating to Item Instances</msg>
<status status="PASS" starttime="20190829 17:37:56.533" endtime="20190829 17:37:56.534"></status>
</kw>
<kw name="Click Link" library="SeleniumLibrary">
<doc>Clicks a link identified by ``locator``.</doc>
<arguments>
<arg>xpath=//a[text()='${NavigationLink}']</arg>
</arguments>
<msg timestamp="20190829 17:37:56.535" level="INFO">Clicking link 'xpath=//a[text()='Item Instances']'.</msg>
<status status="PASS" starttime="20190829 17:37:56.534" endtime="20190829 17:37:58.614"></status>
</kw>
<status status="PASS" starttime="20190829 17:37:56.017" endtime="20190829 17:37:58.614"></status>
</kw>
<status status="PASS" starttime="20190829 17:37:55.108" endtime="20190829 17:37:58.614"></status>
</kw>
<kw name="Sleep" library="BuiltIn">
<doc>Pauses the test executed for the given time.</doc>
<arguments>
<arg>5s</arg>
</arguments>
<msg timestamp="20190829 17:38:03.617" level="INFO">Slept 5 seconds</msg>
<status status="PASS" starttime="20190829 17:37:58.614" endtime="20190829 17:38:03.617"></status>
</kw>
<kw name="Log" library="BuiltIn">
<doc>Logs the given message with the given level.</doc>
<arguments>
<arg>successfully navigated to ${NavigationArray}</arg>
</arguments>
<msg timestamp="20190829 17:38:03.619" level="INFO">successfully navigated to ['Item Instance', 'Item Instances']</msg>
<status status="PASS" starttime="20190829 17:38:03.618" endtime="20190829 17:38:03.621"></status>
</kw>
<status status="PASS" starttime="20190829 17:37:55.107" endtime="20190829 17:38:03.621"></status>
</kw>
<status status="PASS" starttime="20190829 17:37:55.050" endtime="20190829 17:38:03.622"></status>
</kw>
<kw name="Log" library="BuiltIn">
<doc>Logs the given message with the given level.</doc>
<arguments>
<arg>Empty1</arg>
</arguments>
<msg timestamp="20190829 17:38:03.623" level="INFO">Empty1</msg>
<status status="PASS" starttime="20190829 17:38:03.622" endtime="20190829 17:38:03.623"></status>
</kw>
<kw name="Oracle Logout" library="Common" type="teardown">
<kw name="Click Logout Link" library="Common">
<kw name="Click Link" library="SeleniumLibrary">
<doc>Clicks a link identified by ``locator``.</doc>
<arguments>
<arg>${logout}</arg>
</arguments>
<msg timestamp="20190829 17:38:03.625" level="INFO">Clicking link 'xpath=//a[text()='Logout']'.</msg>
<status status="PASS" starttime="20190829 17:38:03.625" endtime="20190829 17:38:08.272"></status>
</kw>
<status status="PASS" starttime="20190829 17:38:03.624" endtime="20190829 17:38:08.273"></status>
</kw>
<kw name="Wait for successful logout message and close browser" library="Common">
<kw name="Wait Until Element Is Visible" library="SeleniumLibrary">
<doc>Waits until element ``locator`` is visible.</doc>
<arguments>
<arg>${logout_message}</arg>
<arg>10s</arg>
<arg>"FAILED: Unable to Logout"</arg>
</arguments>
<status status="PASS" starttime="20190829 17:38:08.273" endtime="20190829 17:38:10.025"></status>
</kw>
<kw name="Close Browser" library="SeleniumLibrary">
<doc>Closes the current browser.</doc>
<status status="PASS" starttime="20190829 17:38:10.025" endtime="20190829 17:38:11.830"></status>
</kw>
<status status="PASS" starttime="20190829 17:38:08.273" endtime="20190829 17:38:11.831"></status>
</kw>
<status status="PASS" starttime="20190829 17:38:03.624" endtime="20190829 17:38:11.831"></status>
</kw>
<doc>IB001 - DMT - Search Instance - Simple Search and Advanced Search</doc>
<tags>
<tag>IB</tag>
</tags>
<status status="PASS" starttime="20190829 17:37:37.388" endtime="20190829 17:38:11.831" critical="yes"></status>
</test>
<status status="PASS" starttime="20190829 17:37:37.045" endtime="20190829 17:38:11.833"></status>
</suite>
<statistics>
<total>
<stat pass="1" fail="0">Critical Tests</stat>
<stat pass="1" fail="0">All Tests</stat>
</total>
<tag>
<stat pass="1" fail="0">IB</stat>
</tag>
<suite>
<stat pass="1" fail="0" id="s1" name="InstallBase">InstallBase</stat>
</suite>
</statistics>
<errors>
</errors>
</robot>
