<?xml version="1.0" encoding="UTF-8"?>
<robot generator="Robot 3.1.2 (Python 3.7.4 on win32)" generated="20190829 18:31:16.564" rpa="false">
<suite id="s1" name="BuiltInLearn" source="C:\Users\chirras\PycharmProjects\BuiltInLearn\BuiltInLearn.robot">
<test id="s1-t1" name="KeywordExistsDemo">
<kw name="Keyword Should Exist" library="BuiltIn">
<doc>Fails unless the given keyword exists in the current scope.</doc>
<arguments>
<arg>KeywordExistDemo.Enter Log</arg>
<arg>message="FAILED: Keyword does not exist"</arg>
</arguments>
<status status="PASS" starttime="20190829 18:31:16.614" endtime="20190829 18:31:16.614"></status>
</kw>
<tags>
<tag>keywordExists</tag>
</tags>
<status status="PASS" starttime="20190829 18:31:16.613" endtime="20190829 18:31:16.615" critical="yes"></status>
</test>
<status status="PASS" starttime="20190829 18:31:16.569" endtime="20190829 18:31:16.616"></status>
</suite>
<statistics>
<total>
<stat pass="1" fail="0">Critical Tests</stat>
<stat pass="1" fail="0">All Tests</stat>
</total>
<tag>
<stat pass="1" fail="0">keywordExists</stat>
</tag>
<suite>
<stat pass="1" fail="0" id="s1" name="BuiltInLearn">BuiltInLearn</stat>
</suite>
</statistics>
<errors>
</errors>
</robot>
