<?xml version="1.0" encoding="UTF-8"?>
<robot generator="Robot 3.1.2 (Python 3.7.4 on win32)" generated="20190829 18:44:28.151" rpa="false">
<suite id="s1" name="BuiltInLearn" source="C:\Users\chirras\PycharmProjects\BuiltInLearn\BuiltInLearn.robot">
<test id="s1-t1" name="ViewLogOnConsole">
<kw name="Log To Console" library="BuiltIn">
<doc>Logs the given message to the console.</doc>
<arguments>
<arg>""</arg>
</arguments>
<status status="PASS" starttime="20190829 18:44:28.194" endtime="20190829 18:44:28.194"></status>
</kw>
<kw name="Log To Console" library="BuiltIn">
<doc>Logs the given message to the console.</doc>
<arguments>
<arg>Hello, console!</arg>
</arguments>
<status status="PASS" starttime="20190829 18:44:28.195" endtime="20190829 18:44:28.195"></status>
</kw>
<kw name="Log To Console" library="BuiltIn">
<doc>Logs the given message to the console.</doc>
<arguments>
<arg>Hello, stderr!</arg>
<arg>STDERR</arg>
</arguments>
<status status="PASS" starttime="20190829 18:44:28.195" endtime="20190829 18:44:28.196"></status>
</kw>
<kw name="Log To Console" library="BuiltIn">
<doc>Logs the given message to the console.</doc>
<arguments>
<arg>Message starts here and is</arg>
<arg>no_newline=true</arg>
</arguments>
<status status="PASS" starttime="20190829 18:44:28.196" endtime="20190829 18:44:28.197"></status>
</kw>
<kw name="Log To Console" library="BuiltIn">
<doc>Logs the given message to the console.</doc>
<arguments>
<arg>continued without newline.</arg>
</arguments>
<status status="PASS" starttime="20190829 18:44:28.198" endtime="20190829 18:44:28.199"></status>
</kw>
<tags>
<tag>LogConsole</tag>
</tags>
<status status="PASS" starttime="20190829 18:44:28.193" endtime="20190829 18:44:28.199" critical="yes"></status>
</test>
<status status="PASS" starttime="20190829 18:44:28.156" endtime="20190829 18:44:28.201"></status>
</suite>
<statistics>
<total>
<stat pass="1" fail="0">Critical Tests</stat>
<stat pass="1" fail="0">All Tests</stat>
</total>
<tag>
<stat pass="1" fail="0">LogConsole</stat>
</tag>
<suite>
<stat pass="1" fail="0" id="s1" name="BuiltInLearn">BuiltInLearn</stat>
</suite>
</statistics>
<errors>
</errors>
</robot>
